2022-02-28 10:24:22.961  INFO 16928 --- [main] c.d.s.pokemonapi.PokemonApiApplication   : Starting PokemonApiApplication using Java 17.0.1 on andreaurrea with PID 16928 (C:\Users\andrea.urrea\git\pokemones-s2\bin\main started by andrea.urrea in C:\Users\andrea.urrea\git\pokemones-s2)
2022-02-28 10:24:22.963  INFO 16928 --- [main] c.d.s.pokemonapi.PokemonApiApplication   : No active profile set, falling back to default profiles: default
2022-02-28 10:24:23.615  INFO 16928 --- [main] .s.d.r.c.RepositoryConfigurationDelegate : Bootstrapping Spring Data JPA repositories in DEFAULT mode.
2022-02-28 10:24:23.678  INFO 16928 --- [main] .s.d.r.c.RepositoryConfigurationDelegate : Finished Spring Data repository scanning in 54 ms. Found 4 JPA repository interfaces.
2022-02-28 10:24:24.255  INFO 16928 --- [main] o.s.b.w.embedded.tomcat.TomcatWebServer  : Tomcat initialized with port(s): 8081 (http)
2022-02-28 10:24:24.263  INFO 16928 --- [main] o.apache.catalina.core.StandardService   : Starting service [Tomcat]
2022-02-28 10:24:24.264  INFO 16928 --- [main] org.apache.catalina.core.StandardEngine  : Starting Servlet engine: [Apache Tomcat/9.0.56]
2022-02-28 10:24:24.356  INFO 16928 --- [main] o.a.c.c.C.[Tomcat].[localhost].[/]       : Initializing Spring embedded WebApplicationContext
2022-02-28 10:24:24.357  INFO 16928 --- [main] w.s.c.ServletWebServerApplicationContext : Root WebApplicationContext: initialization completed in 1361 ms
2022-02-28 10:24:24.410  WARN 16928 --- [main] JpaBaseConfiguration$JpaWebConfiguration : spring.jpa.open-in-view is enabled by default. Therefore, database queries may be performed during view rendering. Explicitly configure spring.jpa.open-in-view to disable this warning
2022-02-28 10:24:24.491  INFO 16928 --- [main] o.hibernate.jpa.internal.util.LogHelper  : HHH000204: Processing PersistenceUnitInfo [name: default]
2022-02-28 10:24:24.527  INFO 16928 --- [main] org.hibernate.Version                    : HHH000412: Hibernate ORM core version 5.6.4.Final
2022-02-28 10:24:24.687  INFO 16928 --- [main] o.hibernate.annotations.common.Version   : HCANN000001: Hibernate Commons Annotations {5.1.2.Final}
2022-02-28 10:24:24.765  INFO 16928 --- [main] com.zaxxer.hikari.HikariDataSource       : HikariPool-1 - Starting...
2022-02-28 10:24:26.016  INFO 16928 --- [main] com.zaxxer.hikari.HikariDataSource       : HikariPool-1 - Start completed.
2022-02-28 10:24:26.028  INFO 16928 --- [main] org.hibernate.dialect.Dialect            : HHH000400: Using dialect: org.hibernate.dialect.PostgreSQL81Dialect
2022-02-28 10:24:28.675  INFO 16928 --- [main] o.h.e.t.j.p.i.JtaPlatformInitiator       : HHH000490: Using JtaPlatform implementation: [org.hibernate.engine.transaction.jta.platform.internal.NoJtaPlatform]
2022-02-28 10:24:28.682  INFO 16928 --- [main] j.LocalContainerEntityManagerFactoryBean : Initialized JPA EntityManagerFactory for persistence unit 'default'
2022-02-28 10:24:29.289  INFO 16928 --- [main] o.s.s.web.DefaultSecurityFilterChain     : Will secure any request with [org.springframework.security.web.context.request.async.WebAsyncManagerIntegrationFilter@56226064, org.springframework.security.web.context.SecurityContextPersistenceFilter@66851aa5, org.springframework.security.web.header.HeaderWriterFilter@34ab398b, org.springframework.security.web.authentication.logout.LogoutFilter@16024b49, com.demon.slayer.pokemonapi.security.JwtAuthenticationFilter@ba27ce6, org.springframework.security.web.savedrequest.RequestCacheAwareFilter@5169db2f, org.springframework.security.web.servletapi.SecurityContextHolderAwareRequestFilter@2748bd6c, org.springframework.security.web.authentication.AnonymousAuthenticationFilter@646c872a, org.springframework.security.web.session.SessionManagementFilter@32f54c2a, org.springframework.security.web.access.ExceptionTranslationFilter@68af8288, org.springframework.security.web.access.intercept.FilterSecurityInterceptor@6c537267]
2022-02-28 10:24:29.618  INFO 16928 --- [main] o.s.b.w.embedded.tomcat.TomcatWebServer  : Tomcat started on port(s): 8081 (http) with context path ''
2022-02-28 10:24:29.626  INFO 16928 --- [main] c.d.s.pokemonapi.PokemonApiApplication   : Started PokemonApiApplication in 6.982 seconds (JVM running for 7.627)
2022-02-28 12:46:29.923  INFO 16928 --- [RMI TCP Connection(145)-127.0.0.1] inMXBeanRegistrar$SpringApplicationAdmin : Application shutdown requested.
2022-02-28 12:46:29.944  INFO 16928 --- [RMI TCP Connection(145)-127.0.0.1] j.LocalContainerEntityManagerFactoryBean : Closing JPA EntityManagerFactory for persistence unit 'default'
2022-02-28 12:46:29.946  INFO 16928 --- [RMI TCP Connection(145)-127.0.0.1] com.zaxxer.hikari.HikariDataSource       : HikariPool-1 - Shutdown initiated...
2022-02-28 12:46:30.796  INFO 16928 --- [RMI TCP Connection(145)-127.0.0.1] com.zaxxer.hikari.HikariDataSource       : HikariPool-1 - Shutdown completed.
